<?xml version="1.0" encoding="UTF-8"?>
<!-- Generated by org.testng.reporters.JUnitReportReporter -->
<testsuite hostname="EC2AMAZ-S11DBRH" failures="0" tests="1" name="handsOn.demoblaze.LoginTest" time="3.320" errors="0" timestamp="2024-05-02T04:56:55 GMT" skipped="0">
  <testcase classname="handsOn.demoblaze.LoginTest" name="first_testCase" time="3.320"/>
  <system-out/>
</testsuite> <!-- handsOn.demoblaze.LoginTest -->
